[debug] [2022-12-28T01:57:38.945Z] ----------------------------------------------------------------------
[debug] [2022-12-28T01:57:38.946Z] Command:       /usr/local/bin/node /usr/local/bin/firebase init hosting
[debug] [2022-12-28T01:57:38.947Z] CLI Version:   11.19.0
[debug] [2022-12-28T01:57:38.947Z] Platform:      darwin
[debug] [2022-12-28T01:57:38.947Z] Node Version:  v16.14.2
[debug] [2022-12-28T01:57:38.949Z] Time:          Tue Dec 27 2022 17:57:38 GMT-0800 (Pacific Standard Time)
[debug] [2022-12-28T01:57:38.949Z] ----------------------------------------------------------------------
[debug] 
[debug] [2022-12-28T01:57:38.981Z] > command requires scopes: ["email","openid","https://www.googleapis.com/auth/cloudplatformprojects.readonly","https://www.googleapis.com/auth/firebase","https://www.googleapis.com/auth/cloud-platform"]
[debug] [2022-12-28T01:57:38.981Z] > authorizing via signed-in user (niravvenkatesan@gmail.com)
[info] 
     ######## #### ########  ######## ########     ###     ######  ########
     ##        ##  ##     ## ##       ##     ##  ##   ##  ##       ##
     ######    ##  ########  ######   ########  #########  ######  ######
     ##        ##  ##    ##  ##       ##     ## ##     ##       ## ##
     ##       #### ##     ## ######## ########  ##     ##  ######  ########

You're about to initialize a Firebase project in this directory:

  /Users/niravvenkatesan/post-bootcamp-projects/restroom-router

Before we get started, keep in mind:

  * You are initializing within an existing Firebase project directory

[info] 
=== Project Setup
[info] 
[info] First, let's associate this project directory with a Firebase project.
[info] You can create multiple project aliases by running firebase use --add, 
[info] but for now we'll just set up a default project.
[info] 
[debug] [2022-12-28T01:57:38.983Z] Using project from CLI flag: restroom-router-6987d
[debug] [2022-12-28T01:57:38.984Z] >>> [apiv2][query] GET https://firebase.googleapis.com/v1beta1/projects/restroom-router-6987d [none]
[debug] [2022-12-28T01:57:39.419Z] <<< [apiv2][status] GET https://firebase.googleapis.com/v1beta1/projects/restroom-router-6987d 200
[debug] [2022-12-28T01:57:39.419Z] <<< [apiv2][body] GET https://firebase.googleapis.com/v1beta1/projects/restroom-router-6987d {"projectId":"restroom-router-6987d","projectNumber":"371858309538","displayName":"restroom-router","name":"projects/restroom-router-6987d","resources":{"hostingSite":"restroom-router-6987d"},"state":"ACTIVE","etag":"1_dcd28d2c-94ea-4855-a9f8-22715d2e9c9a"}
[info] i  Using project restroom-router-6987d (restroom-router) 
[info] 
=== Hosting Setup
[info] 
[info] Your public directory is the folder (relative to your project directory) that
[info] will contain Hosting assets to be uploaded with firebase deploy. If you
[info] have a build process for your assets, use your build's output directory.
[info] 
